 Starting... 
13.01.2016 19:57:11 [0] INFO root TICK BEGINS: 1
13.01.2016 19:57:12 [0] INFO root TICK ENDS: 1
13.01.2016 19:57:12 [0] INFO root TICK BEGINS: 2
13.01.2016 19:57:12 [0] INFO root TICK ENDS: 2
13.01.2016 19:57:12 [0] INFO root TICK BEGINS: 3
13.01.2016 19:57:12 [0] INFO root TICK ENDS: 3
13.01.2016 19:57:12 [0] INFO root TICK BEGINS: 4
13.01.2016 19:57:12 [0] INFO root TICK ENDS: 4
13.01.2016 19:57:12 [0] INFO root TICK BEGINS: 5
13.01.2016 19:57:12 [0] INFO root TICK ENDS: 5
13.01.2016 19:57:12 [0] INFO root TICK BEGINS: 6
13.01.2016 19:57:12 [0] INFO root TICK ENDS: 6
13.01.2016 19:57:12 [0] INFO root TICK BEGINS: 7
13.01.2016 19:57:12 [0] INFO root TICK ENDS: 7
13.01.2016 19:57:12 [0] INFO root TICK BEGINS: 8
13.01.2016 19:57:12 [0] INFO root TICK ENDS: 8
13.01.2016 19:57:13 [0] INFO root TICK BEGINS: 9
13.01.2016 19:57:13 [0] INFO root TICK ENDS: 9
13.01.2016 19:57:13 [0] INFO root TICK BEGINS: 10
13.01.2016 19:57:13 [0] INFO root TICK ENDS: 10
13.01.2016 19:57:13 [0] INFO root TICK BEGINS: 11
13.01.2016 19:57:13 [0] INFO root TICK ENDS: 11
13.01.2016 19:57:13 [0] INFO root TICK BEGINS: 12
13.01.2016 19:57:13 [0] INFO root TICK ENDS: 12
13.01.2016 19:57:13 [0] INFO root TICK BEGINS: 13
13.01.2016 19:57:13 [0] INFO root TICK ENDS: 13
13.01.2016 19:57:13 [0] INFO root TICK BEGINS: 14
13.01.2016 19:57:13 [0] INFO root TICK ENDS: 14
13.01.2016 19:57:13 [0] INFO root TICK BEGINS: 15
13.01.2016 19:57:13 [0] INFO root TICK ENDS: 15
13.01.2016 19:57:13 [0] INFO root TICK BEGINS: 16
13.01.2016 19:57:14 [0] INFO root TICK ENDS: 16
13.01.2016 19:57:14 [0] INFO root TICK BEGINS: 17
13.01.2016 19:57:14 [0] INFO root TICK ENDS: 17
13.01.2016 19:57:14 [0] INFO root TICK BEGINS: 18
13.01.2016 19:57:14 [0] INFO root TICK ENDS: 18
13.01.2016 19:57:14 [0] INFO root TICK BEGINS: 19
13.01.2016 19:57:14 [0] INFO root TICK ENDS: 19
13.01.2016 19:57:14 [0] INFO root TICK BEGINS: 20
13.01.2016 19:57:14 [0] INFO root TICK ENDS: 20
13.01.2016 19:57:14 [0] INFO root TICK BEGINS: 21
13.01.2016 19:57:14 [0] INFO root TICK ENDS: 21
13.01.2016 19:57:14 [0] INFO root TICK BEGINS: 22
13.01.2016 19:57:14 [0] INFO root TICK ENDS: 22
13.01.2016 19:57:14 [0] INFO root TICK BEGINS: 23
13.01.2016 19:57:14 [0] INFO root TICK ENDS: 23
13.01.2016 19:57:14 [0] INFO root TICK BEGINS: 24
13.01.2016 19:57:15 [0] INFO root TICK ENDS: 24
13.01.2016 19:57:15 [0] INFO root TICK BEGINS: 25
13.01.2016 19:57:15 [0] INFO root TICK ENDS: 25
13.01.2016 19:57:15 [0] INFO root TICK BEGINS: 26
13.01.2016 19:57:15 [0] INFO root TICK ENDS: 26
13.01.2016 19:57:15 [0] INFO root TICK BEGINS: 27
13.01.2016 19:57:15 [0] INFO root TICK ENDS: 27
13.01.2016 19:57:15 [0] INFO root TICK BEGINS: 28
13.01.2016 19:57:15 [0] INFO root TICK ENDS: 28
13.01.2016 19:57:15 [0] INFO root TICK BEGINS: 29
13.01.2016 19:57:15 [0] INFO root TICK ENDS: 29
13.01.2016 19:57:15 [0] INFO root TICK BEGINS: 30
13.01.2016 19:57:15 [0] INFO root TICK ENDS: 30
13.01.2016 19:57:15 [0] INFO root TICK BEGINS: 31
13.01.2016 19:57:15 [0] INFO root TICK ENDS: 31
13.01.2016 19:57:15 [0] INFO root TICK BEGINS: 32
13.01.2016 19:57:16 [0] INFO root TICK ENDS: 32
13.01.2016 19:57:16 [0] INFO root TICK BEGINS: 33
13.01.2016 19:57:16 [0] INFO root TICK ENDS: 33
13.01.2016 19:57:16 [0] INFO root TICK BEGINS: 34
13.01.2016 19:57:16 [0] INFO root TICK ENDS: 34
13.01.2016 19:57:16 [0] INFO root TICK BEGINS: 35
13.01.2016 19:57:16 [0] INFO root TICK ENDS: 35
13.01.2016 19:57:16 [0] INFO root TICK BEGINS: 36
13.01.2016 19:57:16 [0] INFO root TICK ENDS: 36
13.01.2016 19:57:16 [0] INFO root TICK BEGINS: 37
13.01.2016 19:57:16 [0] INFO root TICK ENDS: 37
13.01.2016 19:57:16 [0] INFO root TICK BEGINS: 38
13.01.2016 19:57:16 [0] INFO root TICK ENDS: 38
13.01.2016 19:57:16 [0] INFO root TICK BEGINS: 39
13.01.2016 19:57:16 [0] INFO root TICK ENDS: 39
13.01.2016 19:57:16 [0] INFO root TICK BEGINS: 40
13.01.2016 19:57:17 [0] INFO root TICK ENDS: 40
13.01.2016 19:57:17 [0] INFO root TICK BEGINS: 41
13.01.2016 19:57:17 [0] INFO root TICK ENDS: 41
13.01.2016 19:57:17 [0] INFO root TICK BEGINS: 42
13.01.2016 19:57:17 [0] INFO root TICK ENDS: 42
13.01.2016 19:57:17 [0] INFO root TICK BEGINS: 43
13.01.2016 19:57:17 [0] INFO root TICK ENDS: 43
13.01.2016 19:57:17 [0] INFO root TICK BEGINS: 44
13.01.2016 19:57:17 [0] INFO root TICK ENDS: 44
13.01.2016 19:57:17 [0] INFO root TICK BEGINS: 45
13.01.2016 19:57:17 [0] INFO root TICK ENDS: 45
13.01.2016 19:57:17 [0] INFO root TICK BEGINS: 46
13.01.2016 19:57:17 [0] INFO root TICK ENDS: 46
13.01.2016 19:57:17 [0] INFO root TICK BEGINS: 47
13.01.2016 19:57:17 [0] INFO root TICK ENDS: 47
13.01.2016 19:57:17 [0] INFO root TICK BEGINS: 48
13.01.2016 19:57:18 [0] INFO root TICK ENDS: 48
13.01.2016 19:57:18 [0] INFO root TICK BEGINS: 49
13.01.2016 19:57:18 [0] INFO root TICK ENDS: 49
13.01.2016 19:57:18 [0] INFO root TICK BEGINS: 50
13.01.2016 19:57:18 [0] INFO root TICK ENDS: 50
13.01.2016 19:57:18 [0] INFO root TICK BEGINS: 51
13.01.2016 19:57:18 [0] INFO root TICK ENDS: 51
13.01.2016 19:57:18 [0] INFO root TICK BEGINS: 52
13.01.2016 19:57:18 [0] INFO root TICK ENDS: 52
13.01.2016 19:57:18 [0] INFO root TICK BEGINS: 53
13.01.2016 19:57:18 [0] INFO root TICK ENDS: 53
13.01.2016 19:57:18 [0] INFO root TICK BEGINS: 54
13.01.2016 19:57:18 [0] INFO root TICK ENDS: 54
13.01.2016 19:57:18 [0] INFO root TICK BEGINS: 55
13.01.2016 19:57:19 [0] INFO root TICK ENDS: 55
13.01.2016 19:57:19 [0] INFO root TICK BEGINS: 56
13.01.2016 19:57:19 [0] INFO root TICK ENDS: 56
13.01.2016 19:57:19 [0] INFO root TICK BEGINS: 57
13.01.2016 19:57:19 [0] INFO root TICK ENDS: 57
13.01.2016 19:57:19 [0] INFO root TICK BEGINS: 58
13.01.2016 19:57:19 [0] INFO root TICK ENDS: 58
13.01.2016 19:57:19 [0] INFO root TICK BEGINS: 59
13.01.2016 19:57:19 [0] INFO root TICK ENDS: 59
13.01.2016 19:57:19 [0] INFO root TICK BEGINS: 60
13.01.2016 19:57:19 [0] INFO root TICK ENDS: 60
13.01.2016 19:57:19 [0] INFO root TICK BEGINS: 61
13.01.2016 19:57:20 [0] INFO root TICK ENDS: 61
13.01.2016 19:57:20 [0] INFO root TICK BEGINS: 62
13.01.2016 19:57:20 [0] INFO root TICK ENDS: 62
13.01.2016 19:57:20 [0] INFO root TICK BEGINS: 63
13.01.2016 19:57:20 [0] INFO root TICK ENDS: 63
13.01.2016 19:57:20 [0] INFO root TICK BEGINS: 64
13.01.2016 19:57:20 [0] INFO root TICK ENDS: 64
13.01.2016 19:57:20 [0] INFO root TICK BEGINS: 65
13.01.2016 19:57:20 [0] INFO root TICK ENDS: 65
13.01.2016 19:57:20 [0] INFO root TICK BEGINS: 66
13.01.2016 19:57:20 [0] INFO root TICK ENDS: 66
13.01.2016 19:57:20 [0] INFO root TICK BEGINS: 67
13.01.2016 19:57:21 [0] INFO root TICK ENDS: 67
13.01.2016 19:57:21 [0] INFO root TICK BEGINS: 68
13.01.2016 19:57:21 [0] INFO root TICK ENDS: 68
13.01.2016 19:57:21 [0] INFO root TICK BEGINS: 69
13.01.2016 19:57:21 [0] INFO root TICK ENDS: 69
13.01.2016 19:57:21 [0] INFO root TICK BEGINS: 70
13.01.2016 19:57:21 [0] INFO root TICK ENDS: 70
13.01.2016 19:57:21 [0] INFO root TICK BEGINS: 71
13.01.2016 19:57:21 [0] INFO root TICK ENDS: 71
13.01.2016 19:57:21 [0] INFO root TICK BEGINS: 72
13.01.2016 19:57:22 [0] INFO root TICK ENDS: 72
13.01.2016 19:57:22 [0] INFO root TICK BEGINS: 73
13.01.2016 19:57:22 [0] INFO root TICK ENDS: 73
13.01.2016 19:57:22 [0] INFO root TICK BEGINS: 74
13.01.2016 19:57:22 [0] INFO root TICK ENDS: 74
13.01.2016 19:57:22 [0] INFO root TICK BEGINS: 75
13.01.2016 19:57:22 [0] INFO root TICK ENDS: 75
13.01.2016 19:57:22 [0] INFO root TICK BEGINS: 76
13.01.2016 19:57:22 [0] INFO root TICK ENDS: 76
13.01.2016 19:57:22 [0] INFO root TICK BEGINS: 77
13.01.2016 19:57:23 [0] INFO root TICK ENDS: 77
13.01.2016 19:57:23 [0] INFO root TICK BEGINS: 78
13.01.2016 19:57:23 [0] INFO root TICK ENDS: 78
13.01.2016 19:57:23 [0] INFO root TICK BEGINS: 79
13.01.2016 19:57:23 [0] INFO root TICK ENDS: 79
13.01.2016 19:57:23 [0] INFO root TICK BEGINS: 80
13.01.2016 19:57:23 [0] INFO root TICK ENDS: 80
13.01.2016 19:57:23 [0] INFO root TICK BEGINS: 81
13.01.2016 19:57:23 [0] INFO root TICK ENDS: 81
13.01.2016 19:57:23 [0] INFO root TICK BEGINS: 82
13.01.2016 19:57:24 [0] INFO root TICK ENDS: 82
13.01.2016 19:57:24 [0] INFO root TICK BEGINS: 83
13.01.2016 19:57:24 [0] INFO root TICK ENDS: 83
13.01.2016 19:57:24 [0] INFO root TICK BEGINS: 84
13.01.2016 19:57:24 [0] INFO root TICK ENDS: 84
13.01.2016 19:57:24 [0] INFO root TICK BEGINS: 85
13.01.2016 19:57:24 [0] INFO root TICK ENDS: 85
13.01.2016 19:57:24 [0] INFO root TICK BEGINS: 86
13.01.2016 19:57:24 [0] INFO root TICK ENDS: 86
13.01.2016 19:57:24 [0] INFO root TICK BEGINS: 87
13.01.2016 19:57:25 [0] INFO root TICK ENDS: 87
13.01.2016 19:57:25 [0] INFO root TICK BEGINS: 88
13.01.2016 19:57:25 [0] INFO root TICK ENDS: 88
13.01.2016 19:57:25 [0] INFO root TICK BEGINS: 89
13.01.2016 19:57:25 [0] INFO root TICK ENDS: 89
13.01.2016 19:57:25 [0] INFO root TICK BEGINS: 90
13.01.2016 19:57:25 [0] INFO root TICK ENDS: 90
13.01.2016 19:57:25 [0] INFO root TICK BEGINS: 91
13.01.2016 19:57:25 [0] INFO root TICK ENDS: 91
13.01.2016 19:57:25 [0] INFO root TICK BEGINS: 92
13.01.2016 19:57:26 [0] INFO root TICK ENDS: 92
13.01.2016 19:57:26 [0] INFO root TICK BEGINS: 93
13.01.2016 19:57:26 [0] INFO root TICK ENDS: 93
13.01.2016 19:57:26 [0] INFO root TICK BEGINS: 94
13.01.2016 19:57:26 [0] INFO root TICK ENDS: 94
13.01.2016 19:57:26 [0] INFO root TICK BEGINS: 95
13.01.2016 19:57:26 [0] INFO root TICK ENDS: 95
13.01.2016 19:57:26 [0] INFO root TICK BEGINS: 96
13.01.2016 19:57:26 [0] INFO root TICK ENDS: 96
13.01.2016 19:57:26 [0] INFO root TICK BEGINS: 97
13.01.2016 19:57:27 [0] INFO root TICK ENDS: 97
13.01.2016 19:57:27 [0] INFO root TICK BEGINS: 98
13.01.2016 19:57:27 [0] INFO root TICK ENDS: 98
13.01.2016 19:57:27 [0] INFO root TICK BEGINS: 99
13.01.2016 19:57:27 [0] INFO root TICK ENDS: 99
13.01.2016 19:57:27 [0] INFO root TICK BEGINS: 100
13.01.2016 19:57:27 [0] INFO root TICK ENDS: 100
13.01.2016 19:57:27 [0] INFO root date_time.run = 13.01.2016 19:57:11
13.01.2016 19:57:27 [0] INFO root distribution.zombie_move = int_uniform, 0, 2
13.01.2016 19:57:27 [0] INFO root grid.buffer = 2
13.01.2016 19:57:27 [0] INFO root human.count = 40000;
13.01.2016 19:57:27 [0] INFO root init.time = 0.22
13.01.2016 19:57:27 [0] INFO root max.x = 99
13.01.2016 19:57:27 [0] INFO root max.y = 99
13.01.2016 19:57:27 [0] INFO root min.x = -100
13.01.2016 19:57:27 [0] INFO root min.y = -100
13.01.2016 19:57:27 [0] INFO root proc.per.x = 2
13.01.2016 19:57:27 [0] INFO root proc.per.y = 2
13.01.2016 19:57:27 [0] INFO root process.count = 4.000000
13.01.2016 19:57:27 [0] INFO root random.seed = 1452711431
13.01.2016 19:57:27 [0] INFO root run.time = 15.910000
13.01.2016 19:57:27 [0] INFO root stop.at = 100
13.01.2016 19:57:27 [0] INFO root zombie.count = 400;
 Starting... 
13.01.2016 19:57:31 [0] INFO root TICK BEGINS: 1
13.01.2016 19:57:32 [0] INFO root TICK ENDS: 1
13.01.2016 19:57:32 [0] INFO root TICK BEGINS: 2
13.01.2016 19:57:32 [0] INFO root TICK ENDS: 2
13.01.2016 19:57:32 [0] INFO root TICK BEGINS: 3
13.01.2016 19:57:32 [0] INFO root TICK ENDS: 3
13.01.2016 19:57:32 [0] INFO root TICK BEGINS: 4
13.01.2016 19:57:32 [0] INFO root TICK ENDS: 4
13.01.2016 19:57:32 [0] INFO root TICK BEGINS: 5
13.01.2016 19:57:32 [0] INFO root TICK ENDS: 5
13.01.2016 19:57:32 [0] INFO root TICK BEGINS: 6
13.01.2016 19:57:32 [0] INFO root TICK ENDS: 6
13.01.2016 19:57:32 [0] INFO root TICK BEGINS: 7
13.01.2016 19:57:32 [0] INFO root TICK ENDS: 7
13.01.2016 19:57:32 [0] INFO root TICK BEGINS: 8
13.01.2016 19:57:32 [0] INFO root TICK ENDS: 8
13.01.2016 19:57:32 [0] INFO root TICK BEGINS: 9
13.01.2016 19:57:32 [0] INFO root TICK ENDS: 9
13.01.2016 19:57:32 [0] INFO root TICK BEGINS: 10
13.01.2016 19:57:32 [0] INFO root TICK ENDS: 10
13.01.2016 19:57:32 [0] INFO root TICK BEGINS: 11
13.01.2016 19:57:32 [0] INFO root TICK ENDS: 11
13.01.2016 19:57:32 [0] INFO root TICK BEGINS: 12
13.01.2016 19:57:32 [0] INFO root TICK ENDS: 12
13.01.2016 19:57:32 [0] INFO root TICK BEGINS: 13
13.01.2016 19:57:32 [0] INFO root TICK ENDS: 13
13.01.2016 19:57:32 [0] INFO root TICK BEGINS: 14
13.01.2016 19:57:32 [0] INFO root TICK ENDS: 14
13.01.2016 19:57:32 [0] INFO root TICK BEGINS: 15
13.01.2016 19:57:33 [0] INFO root TICK ENDS: 15
13.01.2016 19:57:33 [0] INFO root TICK BEGINS: 16
13.01.2016 19:57:33 [0] INFO root TICK ENDS: 16
13.01.2016 19:57:33 [0] INFO root TICK BEGINS: 17
13.01.2016 19:57:33 [0] INFO root TICK ENDS: 17
13.01.2016 19:57:33 [0] INFO root TICK BEGINS: 18
13.01.2016 19:57:33 [0] INFO root TICK ENDS: 18
13.01.2016 19:57:33 [0] INFO root TICK BEGINS: 19
13.01.2016 19:57:33 [0] INFO root TICK ENDS: 19
13.01.2016 19:57:33 [0] INFO root TICK BEGINS: 20
13.01.2016 19:57:33 [0] INFO root TICK ENDS: 20
13.01.2016 19:57:33 [0] INFO root TICK BEGINS: 21
13.01.2016 19:57:33 [0] INFO root TICK ENDS: 21
13.01.2016 19:57:33 [0] INFO root TICK BEGINS: 22
13.01.2016 19:57:33 [0] INFO root TICK ENDS: 22
13.01.2016 19:57:33 [0] INFO root TICK BEGINS: 23
13.01.2016 19:57:33 [0] INFO root TICK ENDS: 23
13.01.2016 19:57:33 [0] INFO root TICK BEGINS: 24
13.01.2016 19:57:33 [0] INFO root TICK ENDS: 24
13.01.2016 19:57:33 [0] INFO root TICK BEGINS: 25
13.01.2016 19:57:33 [0] INFO root TICK ENDS: 25
13.01.2016 19:57:33 [0] INFO root TICK BEGINS: 26
13.01.2016 19:57:33 [0] INFO root TICK ENDS: 26
13.01.2016 19:57:33 [0] INFO root TICK BEGINS: 27
13.01.2016 19:57:33 [0] INFO root TICK ENDS: 27
13.01.2016 19:57:33 [0] INFO root TICK BEGINS: 28
13.01.2016 19:57:34 [0] INFO root TICK ENDS: 28
13.01.2016 19:57:34 [0] INFO root TICK BEGINS: 29
13.01.2016 19:57:34 [0] INFO root TICK ENDS: 29
13.01.2016 19:57:34 [0] INFO root TICK BEGINS: 30
13.01.2016 19:57:34 [0] INFO root TICK ENDS: 30
13.01.2016 19:57:34 [0] INFO root TICK BEGINS: 31
13.01.2016 19:57:34 [0] INFO root TICK ENDS: 31
13.01.2016 19:57:34 [0] INFO root TICK BEGINS: 32
13.01.2016 19:57:34 [0] INFO root TICK ENDS: 32
13.01.2016 19:57:34 [0] INFO root TICK BEGINS: 33
13.01.2016 19:57:34 [0] INFO root TICK ENDS: 33
13.01.2016 19:57:34 [0] INFO root TICK BEGINS: 34
13.01.2016 19:57:34 [0] INFO root TICK ENDS: 34
13.01.2016 19:57:34 [0] INFO root TICK BEGINS: 35
13.01.2016 19:57:34 [0] INFO root TICK ENDS: 35
13.01.2016 19:57:34 [0] INFO root TICK BEGINS: 36
13.01.2016 19:57:34 [0] INFO root TICK ENDS: 36
13.01.2016 19:57:34 [0] INFO root TICK BEGINS: 37
13.01.2016 19:57:34 [0] INFO root TICK ENDS: 37
13.01.2016 19:57:34 [0] INFO root TICK BEGINS: 38
13.01.2016 19:57:34 [0] INFO root TICK ENDS: 38
13.01.2016 19:57:34 [0] INFO root TICK BEGINS: 39
13.01.2016 19:57:34 [0] INFO root TICK ENDS: 39
13.01.2016 19:57:34 [0] INFO root TICK BEGINS: 40
13.01.2016 19:57:34 [0] INFO root TICK ENDS: 40
13.01.2016 19:57:34 [0] INFO root TICK BEGINS: 41
13.01.2016 19:57:34 [0] INFO root TICK ENDS: 41
13.01.2016 19:57:34 [0] INFO root TICK BEGINS: 42
13.01.2016 19:57:35 [0] INFO root TICK ENDS: 42
13.01.2016 19:57:35 [0] INFO root TICK BEGINS: 43
13.01.2016 19:57:35 [0] INFO root TICK ENDS: 43
13.01.2016 19:57:35 [0] INFO root TICK BEGINS: 44
13.01.2016 19:57:35 [0] INFO root TICK ENDS: 44
13.01.2016 19:57:35 [0] INFO root TICK BEGINS: 45
13.01.2016 19:57:35 [0] INFO root TICK ENDS: 45
13.01.2016 19:57:35 [0] INFO root TICK BEGINS: 46
13.01.2016 19:57:35 [0] INFO root TICK ENDS: 46
13.01.2016 19:57:35 [0] INFO root TICK BEGINS: 47
13.01.2016 19:57:35 [0] INFO root TICK ENDS: 47
13.01.2016 19:57:35 [0] INFO root TICK BEGINS: 48
13.01.2016 19:57:35 [0] INFO root TICK ENDS: 48
13.01.2016 19:57:35 [0] INFO root TICK BEGINS: 49
13.01.2016 19:57:35 [0] INFO root TICK ENDS: 49
13.01.2016 19:57:35 [0] INFO root TICK BEGINS: 50
13.01.2016 19:57:35 [0] INFO root TICK ENDS: 50
13.01.2016 19:57:35 [0] INFO root TICK BEGINS: 51
13.01.2016 19:57:35 [0] INFO root TICK ENDS: 51
13.01.2016 19:57:35 [0] INFO root TICK BEGINS: 52
13.01.2016 19:57:35 [0] INFO root TICK ENDS: 52
13.01.2016 19:57:35 [0] INFO root TICK BEGINS: 53
13.01.2016 19:57:35 [0] INFO root TICK ENDS: 53
13.01.2016 19:57:35 [0] INFO root TICK BEGINS: 54
13.01.2016 19:57:36 [0] INFO root TICK ENDS: 54
13.01.2016 19:57:36 [0] INFO root TICK BEGINS: 55
13.01.2016 19:57:36 [0] INFO root TICK ENDS: 55
13.01.2016 19:57:36 [0] INFO root TICK BEGINS: 56
13.01.2016 19:57:36 [0] INFO root TICK ENDS: 56
13.01.2016 19:57:36 [0] INFO root TICK BEGINS: 57
13.01.2016 19:57:36 [0] INFO root TICK ENDS: 57
13.01.2016 19:57:36 [0] INFO root TICK BEGINS: 58
13.01.2016 19:57:36 [0] INFO root TICK ENDS: 58
13.01.2016 19:57:36 [0] INFO root TICK BEGINS: 59
13.01.2016 19:57:36 [0] INFO root TICK ENDS: 59
13.01.2016 19:57:36 [0] INFO root TICK BEGINS: 60
13.01.2016 19:57:36 [0] INFO root TICK ENDS: 60
13.01.2016 19:57:36 [0] INFO root TICK BEGINS: 61
13.01.2016 19:57:36 [0] INFO root TICK ENDS: 61
13.01.2016 19:57:36 [0] INFO root TICK BEGINS: 62
13.01.2016 19:57:36 [0] INFO root TICK ENDS: 62
13.01.2016 19:57:36 [0] INFO root TICK BEGINS: 63
13.01.2016 19:57:36 [0] INFO root TICK ENDS: 63
13.01.2016 19:57:36 [0] INFO root TICK BEGINS: 64
13.01.2016 19:57:36 [0] INFO root TICK ENDS: 64
13.01.2016 19:57:36 [0] INFO root TICK BEGINS: 65
13.01.2016 19:57:37 [0] INFO root TICK ENDS: 65
13.01.2016 19:57:37 [0] INFO root TICK BEGINS: 66
13.01.2016 19:57:37 [0] INFO root TICK ENDS: 66
13.01.2016 19:57:37 [0] INFO root TICK BEGINS: 67
13.01.2016 19:57:37 [0] INFO root TICK ENDS: 67
13.01.2016 19:57:37 [0] INFO root TICK BEGINS: 68
13.01.2016 19:57:37 [0] INFO root TICK ENDS: 68
13.01.2016 19:57:37 [0] INFO root TICK BEGINS: 69
13.01.2016 19:57:37 [0] INFO root TICK ENDS: 69
13.01.2016 19:57:37 [0] INFO root TICK BEGINS: 70
13.01.2016 19:57:37 [0] INFO root TICK ENDS: 70
13.01.2016 19:57:37 [0] INFO root TICK BEGINS: 71
13.01.2016 19:57:37 [0] INFO root TICK ENDS: 71
13.01.2016 19:57:37 [0] INFO root TICK BEGINS: 72
13.01.2016 19:57:37 [0] INFO root TICK ENDS: 72
13.01.2016 19:57:37 [0] INFO root TICK BEGINS: 73
13.01.2016 19:57:37 [0] INFO root TICK ENDS: 73
13.01.2016 19:57:37 [0] INFO root TICK BEGINS: 74
13.01.2016 19:57:38 [0] INFO root TICK ENDS: 74
13.01.2016 19:57:38 [0] INFO root TICK BEGINS: 75
13.01.2016 19:57:38 [0] INFO root TICK ENDS: 75
13.01.2016 19:57:38 [0] INFO root TICK BEGINS: 76
13.01.2016 19:57:38 [0] INFO root TICK ENDS: 76
13.01.2016 19:57:38 [0] INFO root TICK BEGINS: 77
13.01.2016 19:57:38 [0] INFO root TICK ENDS: 77
13.01.2016 19:57:38 [0] INFO root TICK BEGINS: 78
13.01.2016 19:57:38 [0] INFO root TICK ENDS: 78
13.01.2016 19:57:38 [0] INFO root TICK BEGINS: 79
13.01.2016 19:57:38 [0] INFO root TICK ENDS: 79
13.01.2016 19:57:38 [0] INFO root TICK BEGINS: 80
13.01.2016 19:57:38 [0] INFO root TICK ENDS: 80
13.01.2016 19:57:38 [0] INFO root TICK BEGINS: 81
13.01.2016 19:57:38 [0] INFO root TICK ENDS: 81
13.01.2016 19:57:38 [0] INFO root TICK BEGINS: 82
13.01.2016 19:57:38 [0] INFO root TICK ENDS: 82
13.01.2016 19:57:38 [0] INFO root TICK BEGINS: 83
13.01.2016 19:57:39 [0] INFO root TICK ENDS: 83
13.01.2016 19:57:39 [0] INFO root TICK BEGINS: 84
13.01.2016 19:57:39 [0] INFO root TICK ENDS: 84
13.01.2016 19:57:39 [0] INFO root TICK BEGINS: 85
13.01.2016 19:57:39 [0] INFO root TICK ENDS: 85
13.01.2016 19:57:39 [0] INFO root TICK BEGINS: 86
13.01.2016 19:57:39 [0] INFO root TICK ENDS: 86
13.01.2016 19:57:39 [0] INFO root TICK BEGINS: 87
13.01.2016 19:57:39 [0] INFO root TICK ENDS: 87
13.01.2016 19:57:39 [0] INFO root TICK BEGINS: 88
13.01.2016 19:57:39 [0] INFO root TICK ENDS: 88
13.01.2016 19:57:39 [0] INFO root TICK BEGINS: 89
13.01.2016 19:57:39 [0] INFO root TICK ENDS: 89
13.01.2016 19:57:39 [0] INFO root TICK BEGINS: 90
13.01.2016 19:57:39 [0] INFO root TICK ENDS: 90
13.01.2016 19:57:39 [0] INFO root TICK BEGINS: 91
13.01.2016 19:57:40 [0] INFO root TICK ENDS: 91
13.01.2016 19:57:40 [0] INFO root TICK BEGINS: 92
13.01.2016 19:57:40 [0] INFO root TICK ENDS: 92
13.01.2016 19:57:40 [0] INFO root TICK BEGINS: 93
13.01.2016 19:57:40 [0] INFO root TICK ENDS: 93
13.01.2016 19:57:40 [0] INFO root TICK BEGINS: 94
13.01.2016 19:57:40 [0] INFO root TICK ENDS: 94
13.01.2016 19:57:40 [0] INFO root TICK BEGINS: 95
13.01.2016 19:57:40 [0] INFO root TICK ENDS: 95
13.01.2016 19:57:40 [0] INFO root TICK BEGINS: 96
13.01.2016 19:57:40 [0] INFO root TICK ENDS: 96
13.01.2016 19:57:40 [0] INFO root TICK BEGINS: 97
13.01.2016 19:57:40 [0] INFO root TICK ENDS: 97
13.01.2016 19:57:40 [0] INFO root TICK BEGINS: 98
13.01.2016 19:57:40 [0] INFO root TICK ENDS: 98
13.01.2016 19:57:40 [0] INFO root TICK BEGINS: 99
13.01.2016 19:57:40 [0] INFO root TICK ENDS: 99
13.01.2016 19:57:40 [0] INFO root TICK BEGINS: 100
13.01.2016 19:57:41 [0] INFO root TICK ENDS: 100
13.01.2016 19:57:41 [0] INFO root date_time.run = 13.01.2016 19:57:31
13.01.2016 19:57:41 [0] INFO root distribution.zombie_move = int_uniform, 0, 2
13.01.2016 19:57:41 [0] INFO root grid.buffer = 2
13.01.2016 19:57:41 [0] INFO root human.count = 17777;
13.01.2016 19:57:41 [0] INFO root init.time = 0.13
13.01.2016 19:57:41 [0] INFO root max.x = 99
13.01.2016 19:57:41 [0] INFO root max.y = 99
13.01.2016 19:57:41 [0] INFO root min.x = -100
13.01.2016 19:57:41 [0] INFO root min.y = -100
13.01.2016 19:57:41 [0] INFO root proc.per.x = 3
13.01.2016 19:57:41 [0] INFO root proc.per.y = 3
13.01.2016 19:57:41 [0] INFO root process.count = 9.000000
13.01.2016 19:57:41 [0] INFO root random.seed = 1452711451
13.01.2016 19:57:41 [0] INFO root run.time = 9.120000
13.01.2016 19:57:41 [0] INFO root stop.at = 100
13.01.2016 19:57:41 [0] INFO root zombie.count = 177;
 Starting... 
13.01.2016 19:57:45 [0] INFO root TICK BEGINS: 1
13.01.2016 19:57:45 [0] INFO root TICK ENDS: 1
13.01.2016 19:57:45 [0] INFO root TICK BEGINS: 2
13.01.2016 19:57:45 [0] INFO root TICK ENDS: 2
13.01.2016 19:57:45 [0] INFO root TICK BEGINS: 3
13.01.2016 19:57:45 [0] INFO root TICK ENDS: 3
13.01.2016 19:57:45 [0] INFO root TICK BEGINS: 4
13.01.2016 19:57:45 [0] INFO root TICK ENDS: 4
13.01.2016 19:57:45 [0] INFO root TICK BEGINS: 5
13.01.2016 19:57:45 [0] INFO root TICK ENDS: 5
13.01.2016 19:57:45 [0] INFO root TICK BEGINS: 6
13.01.2016 19:57:45 [0] INFO root TICK ENDS: 6
13.01.2016 19:57:45 [0] INFO root TICK BEGINS: 7
13.01.2016 19:57:45 [0] INFO root TICK ENDS: 7
13.01.2016 19:57:45 [0] INFO root TICK BEGINS: 8
13.01.2016 19:57:45 [0] INFO root TICK ENDS: 8
13.01.2016 19:57:45 [0] INFO root TICK BEGINS: 9
13.01.2016 19:57:45 [0] INFO root TICK ENDS: 9
13.01.2016 19:57:45 [0] INFO root TICK BEGINS: 10
13.01.2016 19:57:45 [0] INFO root TICK ENDS: 10
13.01.2016 19:57:45 [0] INFO root TICK BEGINS: 11
13.01.2016 19:57:45 [0] INFO root TICK ENDS: 11
13.01.2016 19:57:45 [0] INFO root TICK BEGINS: 12
13.01.2016 19:57:46 [0] INFO root TICK ENDS: 12
13.01.2016 19:57:46 [0] INFO root TICK BEGINS: 13
13.01.2016 19:57:46 [0] INFO root TICK ENDS: 13
13.01.2016 19:57:46 [0] INFO root TICK BEGINS: 14
13.01.2016 19:57:46 [0] INFO root TICK ENDS: 14
13.01.2016 19:57:46 [0] INFO root TICK BEGINS: 15
13.01.2016 19:57:46 [0] INFO root TICK ENDS: 15
13.01.2016 19:57:46 [0] INFO root TICK BEGINS: 16
13.01.2016 19:57:46 [0] INFO root TICK ENDS: 16
13.01.2016 19:57:46 [0] INFO root TICK BEGINS: 17
13.01.2016 19:57:46 [0] INFO root TICK ENDS: 17
13.01.2016 19:57:46 [0] INFO root TICK BEGINS: 18
13.01.2016 19:57:46 [0] INFO root TICK ENDS: 18
13.01.2016 19:57:46 [0] INFO root TICK BEGINS: 19
13.01.2016 19:57:46 [0] INFO root TICK ENDS: 19
13.01.2016 19:57:46 [0] INFO root TICK BEGINS: 20
13.01.2016 19:57:46 [0] INFO root TICK ENDS: 20
13.01.2016 19:57:46 [0] INFO root TICK BEGINS: 21
13.01.2016 19:57:46 [0] INFO root TICK ENDS: 21
13.01.2016 19:57:46 [0] INFO root TICK BEGINS: 22
13.01.2016 19:57:46 [0] INFO root TICK ENDS: 22
13.01.2016 19:57:46 [0] INFO root TICK BEGINS: 23
13.01.2016 19:57:46 [0] INFO root TICK ENDS: 23
13.01.2016 19:57:46 [0] INFO root TICK BEGINS: 24
13.01.2016 19:57:46 [0] INFO root TICK ENDS: 24
13.01.2016 19:57:46 [0] INFO root TICK BEGINS: 25
13.01.2016 19:57:46 [0] INFO root TICK ENDS: 25
13.01.2016 19:57:46 [0] INFO root TICK BEGINS: 26
13.01.2016 19:57:46 [0] INFO root TICK ENDS: 26
13.01.2016 19:57:46 [0] INFO root TICK BEGINS: 27
13.01.2016 19:57:46 [0] INFO root TICK ENDS: 27
13.01.2016 19:57:46 [0] INFO root TICK BEGINS: 28
13.01.2016 19:57:46 [0] INFO root TICK ENDS: 28
13.01.2016 19:57:46 [0] INFO root TICK BEGINS: 29
13.01.2016 19:57:46 [0] INFO root TICK ENDS: 29
13.01.2016 19:57:46 [0] INFO root TICK BEGINS: 30
13.01.2016 19:57:46 [0] INFO root TICK ENDS: 30
13.01.2016 19:57:46 [0] INFO root TICK BEGINS: 31
13.01.2016 19:57:47 [0] INFO root TICK ENDS: 31
13.01.2016 19:57:47 [0] INFO root TICK BEGINS: 32
13.01.2016 19:57:47 [0] INFO root TICK ENDS: 32
13.01.2016 19:57:47 [0] INFO root TICK BEGINS: 33
13.01.2016 19:57:47 [0] INFO root TICK ENDS: 33
13.01.2016 19:57:47 [0] INFO root TICK BEGINS: 34
13.01.2016 19:57:47 [0] INFO root TICK ENDS: 34
13.01.2016 19:57:47 [0] INFO root TICK BEGINS: 35
13.01.2016 19:57:47 [0] INFO root TICK ENDS: 35
13.01.2016 19:57:47 [0] INFO root TICK BEGINS: 36
13.01.2016 19:57:47 [0] INFO root TICK ENDS: 36
13.01.2016 19:57:47 [0] INFO root TICK BEGINS: 37
13.01.2016 19:57:47 [0] INFO root TICK ENDS: 37
13.01.2016 19:57:47 [0] INFO root TICK BEGINS: 38
13.01.2016 19:57:47 [0] INFO root TICK ENDS: 38
13.01.2016 19:57:47 [0] INFO root TICK BEGINS: 39
13.01.2016 19:57:47 [0] INFO root TICK ENDS: 39
13.01.2016 19:57:47 [0] INFO root TICK BEGINS: 40
13.01.2016 19:57:47 [0] INFO root TICK ENDS: 40
13.01.2016 19:57:47 [0] INFO root TICK BEGINS: 41
13.01.2016 19:57:47 [0] INFO root TICK ENDS: 41
13.01.2016 19:57:47 [0] INFO root TICK BEGINS: 42
13.01.2016 19:57:47 [0] INFO root TICK ENDS: 42
13.01.2016 19:57:47 [0] INFO root TICK BEGINS: 43
13.01.2016 19:57:47 [0] INFO root TICK ENDS: 43
13.01.2016 19:57:47 [0] INFO root TICK BEGINS: 44
13.01.2016 19:57:47 [0] INFO root TICK ENDS: 44
13.01.2016 19:57:47 [0] INFO root TICK BEGINS: 45
13.01.2016 19:57:47 [0] INFO root TICK ENDS: 45
13.01.2016 19:57:47 [0] INFO root TICK BEGINS: 46
13.01.2016 19:57:47 [0] INFO root TICK ENDS: 46
13.01.2016 19:57:47 [0] INFO root TICK BEGINS: 47
13.01.2016 19:57:47 [0] INFO root TICK ENDS: 47
13.01.2016 19:57:47 [0] INFO root TICK BEGINS: 48
13.01.2016 19:57:47 [0] INFO root TICK ENDS: 48
13.01.2016 19:57:47 [0] INFO root TICK BEGINS: 49
13.01.2016 19:57:47 [0] INFO root TICK ENDS: 49
13.01.2016 19:57:47 [0] INFO root TICK BEGINS: 50
13.01.2016 19:57:48 [0] INFO root TICK ENDS: 50
13.01.2016 19:57:48 [0] INFO root TICK BEGINS: 51
13.01.2016 19:57:48 [0] INFO root TICK ENDS: 51
13.01.2016 19:57:48 [0] INFO root TICK BEGINS: 52
13.01.2016 19:57:48 [0] INFO root TICK ENDS: 52
13.01.2016 19:57:48 [0] INFO root TICK BEGINS: 53
13.01.2016 19:57:48 [0] INFO root TICK ENDS: 53
13.01.2016 19:57:48 [0] INFO root TICK BEGINS: 54
13.01.2016 19:57:48 [0] INFO root TICK ENDS: 54
13.01.2016 19:57:48 [0] INFO root TICK BEGINS: 55
13.01.2016 19:57:48 [0] INFO root TICK ENDS: 55
13.01.2016 19:57:48 [0] INFO root TICK BEGINS: 56
13.01.2016 19:57:48 [0] INFO root TICK ENDS: 56
13.01.2016 19:57:48 [0] INFO root TICK BEGINS: 57
13.01.2016 19:57:48 [0] INFO root TICK ENDS: 57
13.01.2016 19:57:48 [0] INFO root TICK BEGINS: 58
13.01.2016 19:57:48 [0] INFO root TICK ENDS: 58
13.01.2016 19:57:48 [0] INFO root TICK BEGINS: 59
13.01.2016 19:57:48 [0] INFO root TICK ENDS: 59
13.01.2016 19:57:48 [0] INFO root TICK BEGINS: 60
13.01.2016 19:57:48 [0] INFO root TICK ENDS: 60
13.01.2016 19:57:48 [0] INFO root TICK BEGINS: 61
13.01.2016 19:57:48 [0] INFO root TICK ENDS: 61
13.01.2016 19:57:48 [0] INFO root TICK BEGINS: 62
13.01.2016 19:57:48 [0] INFO root TICK ENDS: 62
13.01.2016 19:57:48 [0] INFO root TICK BEGINS: 63
13.01.2016 19:57:48 [0] INFO root TICK ENDS: 63
13.01.2016 19:57:48 [0] INFO root TICK BEGINS: 64
13.01.2016 19:57:48 [0] INFO root TICK ENDS: 64
13.01.2016 19:57:48 [0] INFO root TICK BEGINS: 65
13.01.2016 19:57:48 [0] INFO root TICK ENDS: 65
13.01.2016 19:57:48 [0] INFO root TICK BEGINS: 66
13.01.2016 19:57:49 [0] INFO root TICK ENDS: 66
13.01.2016 19:57:49 [0] INFO root TICK BEGINS: 67
13.01.2016 19:57:49 [0] INFO root TICK ENDS: 67
13.01.2016 19:57:49 [0] INFO root TICK BEGINS: 68
13.01.2016 19:57:49 [0] INFO root TICK ENDS: 68
13.01.2016 19:57:49 [0] INFO root TICK BEGINS: 69
13.01.2016 19:57:49 [0] INFO root TICK ENDS: 69
13.01.2016 19:57:49 [0] INFO root TICK BEGINS: 70
13.01.2016 19:57:49 [0] INFO root TICK ENDS: 70
13.01.2016 19:57:49 [0] INFO root TICK BEGINS: 71
13.01.2016 19:57:49 [0] INFO root TICK ENDS: 71
13.01.2016 19:57:49 [0] INFO root TICK BEGINS: 72
13.01.2016 19:57:49 [0] INFO root TICK ENDS: 72
13.01.2016 19:57:49 [0] INFO root TICK BEGINS: 73
13.01.2016 19:57:49 [0] INFO root TICK ENDS: 73
13.01.2016 19:57:49 [0] INFO root TICK BEGINS: 74
13.01.2016 19:57:49 [0] INFO root TICK ENDS: 74
13.01.2016 19:57:49 [0] INFO root TICK BEGINS: 75
13.01.2016 19:57:49 [0] INFO root TICK ENDS: 75
13.01.2016 19:57:49 [0] INFO root TICK BEGINS: 76
13.01.2016 19:57:49 [0] INFO root TICK ENDS: 76
13.01.2016 19:57:49 [0] INFO root TICK BEGINS: 77
13.01.2016 19:57:49 [0] INFO root TICK ENDS: 77
13.01.2016 19:57:49 [0] INFO root TICK BEGINS: 78
13.01.2016 19:57:49 [0] INFO root TICK ENDS: 78
13.01.2016 19:57:49 [0] INFO root TICK BEGINS: 79
13.01.2016 19:57:49 [0] INFO root TICK ENDS: 79
13.01.2016 19:57:49 [0] INFO root TICK BEGINS: 80
13.01.2016 19:57:50 [0] INFO root TICK ENDS: 80
13.01.2016 19:57:50 [0] INFO root TICK BEGINS: 81
13.01.2016 19:57:50 [0] INFO root TICK ENDS: 81
13.01.2016 19:57:50 [0] INFO root TICK BEGINS: 82
13.01.2016 19:57:50 [0] INFO root TICK ENDS: 82
13.01.2016 19:57:50 [0] INFO root TICK BEGINS: 83
13.01.2016 19:57:50 [0] INFO root TICK ENDS: 83
13.01.2016 19:57:50 [0] INFO root TICK BEGINS: 84
13.01.2016 19:57:50 [0] INFO root TICK ENDS: 84
13.01.2016 19:57:50 [0] INFO root TICK BEGINS: 85
13.01.2016 19:57:50 [0] INFO root TICK ENDS: 85
13.01.2016 19:57:50 [0] INFO root TICK BEGINS: 86
13.01.2016 19:57:50 [0] INFO root TICK ENDS: 86
13.01.2016 19:57:50 [0] INFO root TICK BEGINS: 87
13.01.2016 19:57:50 [0] INFO root TICK ENDS: 87
13.01.2016 19:57:50 [0] INFO root TICK BEGINS: 88
13.01.2016 19:57:50 [0] INFO root TICK ENDS: 88
13.01.2016 19:57:50 [0] INFO root TICK BEGINS: 89
13.01.2016 19:57:50 [0] INFO root TICK ENDS: 89
13.01.2016 19:57:50 [0] INFO root TICK BEGINS: 90
13.01.2016 19:57:50 [0] INFO root TICK ENDS: 90
13.01.2016 19:57:50 [0] INFO root TICK BEGINS: 91
13.01.2016 19:57:50 [0] INFO root TICK ENDS: 91
13.01.2016 19:57:50 [0] INFO root TICK BEGINS: 92
13.01.2016 19:57:51 [0] INFO root TICK ENDS: 92
13.01.2016 19:57:51 [0] INFO root TICK BEGINS: 93
13.01.2016 19:57:51 [0] INFO root TICK ENDS: 93
13.01.2016 19:57:51 [0] INFO root TICK BEGINS: 94
13.01.2016 19:57:51 [0] INFO root TICK ENDS: 94
13.01.2016 19:57:51 [0] INFO root TICK BEGINS: 95
13.01.2016 19:57:51 [0] INFO root TICK ENDS: 95
13.01.2016 19:57:51 [0] INFO root TICK BEGINS: 96
13.01.2016 19:57:51 [0] INFO root TICK ENDS: 96
13.01.2016 19:57:51 [0] INFO root TICK BEGINS: 97
13.01.2016 19:57:51 [0] INFO root TICK ENDS: 97
13.01.2016 19:57:51 [0] INFO root TICK BEGINS: 98
13.01.2016 19:57:51 [0] INFO root TICK ENDS: 98
13.01.2016 19:57:51 [0] INFO root TICK BEGINS: 99
13.01.2016 19:57:51 [0] INFO root TICK ENDS: 99
13.01.2016 19:57:51 [0] INFO root TICK BEGINS: 100
13.01.2016 19:57:51 [0] INFO root TICK ENDS: 100
13.01.2016 19:57:51 [0] INFO root date_time.run = 13.01.2016 19:57:45
13.01.2016 19:57:51 [0] INFO root distribution.zombie_move = int_uniform, 0, 2
13.01.2016 19:57:51 [0] INFO root grid.buffer = 2
13.01.2016 19:57:51 [0] INFO root human.count = 10000;
13.01.2016 19:57:51 [0] INFO root init.time = 0.07
13.01.2016 19:57:51 [0] INFO root max.x = 99
13.01.2016 19:57:51 [0] INFO root max.y = 99
13.01.2016 19:57:51 [0] INFO root min.x = -100
13.01.2016 19:57:51 [0] INFO root min.y = -100
13.01.2016 19:57:51 [0] INFO root proc.per.x = 4
13.01.2016 19:57:51 [0] INFO root proc.per.y = 4
13.01.2016 19:57:51 [0] INFO root process.count = 16.000000
13.01.2016 19:57:51 [0] INFO root random.seed = 1452711465
13.01.2016 19:57:51 [0] INFO root run.time = 6.150000
13.01.2016 19:57:51 [0] INFO root stop.at = 100
13.01.2016 19:57:51 [0] INFO root zombie.count = 100;
 Starting... 
13.01.2016 19:57:55 [0] INFO root TICK BEGINS: 1
13.01.2016 19:57:55 [0] INFO root TICK ENDS: 1
13.01.2016 19:57:55 [0] INFO root TICK BEGINS: 2
13.01.2016 19:57:55 [0] INFO root TICK ENDS: 2
13.01.2016 19:57:55 [0] INFO root TICK BEGINS: 3
13.01.2016 19:57:55 [0] INFO root TICK ENDS: 3
13.01.2016 19:57:55 [0] INFO root TICK BEGINS: 4
13.01.2016 19:57:55 [0] INFO root TICK ENDS: 4
13.01.2016 19:57:55 [0] INFO root TICK BEGINS: 5
13.01.2016 19:57:55 [0] INFO root TICK ENDS: 5
13.01.2016 19:57:55 [0] INFO root TICK BEGINS: 6
13.01.2016 19:57:55 [0] INFO root TICK ENDS: 6
13.01.2016 19:57:55 [0] INFO root TICK BEGINS: 7
13.01.2016 19:57:55 [0] INFO root TICK ENDS: 7
13.01.2016 19:57:55 [0] INFO root TICK BEGINS: 8
13.01.2016 19:57:56 [0] INFO root TICK ENDS: 8
13.01.2016 19:57:56 [0] INFO root TICK BEGINS: 9
13.01.2016 19:57:56 [0] INFO root TICK ENDS: 9
13.01.2016 19:57:56 [0] INFO root TICK BEGINS: 10
13.01.2016 19:57:56 [0] INFO root TICK ENDS: 10
13.01.2016 19:57:56 [0] INFO root TICK BEGINS: 11
13.01.2016 19:57:56 [0] INFO root TICK ENDS: 11
13.01.2016 19:57:56 [0] INFO root TICK BEGINS: 12
13.01.2016 19:57:56 [0] INFO root TICK ENDS: 12
13.01.2016 19:57:56 [0] INFO root TICK BEGINS: 13
13.01.2016 19:57:56 [0] INFO root TICK ENDS: 13
13.01.2016 19:57:56 [0] INFO root TICK BEGINS: 14
13.01.2016 19:57:56 [0] INFO root TICK ENDS: 14
13.01.2016 19:57:56 [0] INFO root TICK BEGINS: 15
13.01.2016 19:57:56 [0] INFO root TICK ENDS: 15
13.01.2016 19:57:56 [0] INFO root TICK BEGINS: 16
13.01.2016 19:57:56 [0] INFO root TICK ENDS: 16
13.01.2016 19:57:56 [0] INFO root TICK BEGINS: 17
13.01.2016 19:57:56 [0] INFO root TICK ENDS: 17
13.01.2016 19:57:56 [0] INFO root TICK BEGINS: 18
13.01.2016 19:57:56 [0] INFO root TICK ENDS: 18
13.01.2016 19:57:56 [0] INFO root TICK BEGINS: 19
13.01.2016 19:57:56 [0] INFO root TICK ENDS: 19
13.01.2016 19:57:56 [0] INFO root TICK BEGINS: 20
13.01.2016 19:57:56 [0] INFO root TICK ENDS: 20
13.01.2016 19:57:56 [0] INFO root TICK BEGINS: 21
13.01.2016 19:57:56 [0] INFO root TICK ENDS: 21
13.01.2016 19:57:56 [0] INFO root TICK BEGINS: 22
13.01.2016 19:57:56 [0] INFO root TICK ENDS: 22
13.01.2016 19:57:56 [0] INFO root TICK BEGINS: 23
13.01.2016 19:57:56 [0] INFO root TICK ENDS: 23
13.01.2016 19:57:56 [0] INFO root TICK BEGINS: 24
13.01.2016 19:57:56 [0] INFO root TICK ENDS: 24
13.01.2016 19:57:56 [0] INFO root TICK BEGINS: 25
13.01.2016 19:57:56 [0] INFO root TICK ENDS: 25
13.01.2016 19:57:56 [0] INFO root TICK BEGINS: 26
13.01.2016 19:57:56 [0] INFO root TICK ENDS: 26
13.01.2016 19:57:56 [0] INFO root TICK BEGINS: 27
13.01.2016 19:57:56 [0] INFO root TICK ENDS: 27
13.01.2016 19:57:56 [0] INFO root TICK BEGINS: 28
13.01.2016 19:57:56 [0] INFO root TICK ENDS: 28
13.01.2016 19:57:56 [0] INFO root TICK BEGINS: 29
13.01.2016 19:57:56 [0] INFO root TICK ENDS: 29
13.01.2016 19:57:56 [0] INFO root TICK BEGINS: 30
13.01.2016 19:57:56 [0] INFO root TICK ENDS: 30
13.01.2016 19:57:56 [0] INFO root TICK BEGINS: 31
13.01.2016 19:57:56 [0] INFO root TICK ENDS: 31
13.01.2016 19:57:56 [0] INFO root TICK BEGINS: 32
13.01.2016 19:57:56 [0] INFO root TICK ENDS: 32
13.01.2016 19:57:56 [0] INFO root TICK BEGINS: 33
13.01.2016 19:57:57 [0] INFO root TICK ENDS: 33
13.01.2016 19:57:57 [0] INFO root TICK BEGINS: 34
13.01.2016 19:57:57 [0] INFO root TICK ENDS: 34
13.01.2016 19:57:57 [0] INFO root TICK BEGINS: 35
13.01.2016 19:57:57 [0] INFO root TICK ENDS: 35
13.01.2016 19:57:57 [0] INFO root TICK BEGINS: 36
13.01.2016 19:57:57 [0] INFO root TICK ENDS: 36
13.01.2016 19:57:57 [0] INFO root TICK BEGINS: 37
13.01.2016 19:57:57 [0] INFO root TICK ENDS: 37
13.01.2016 19:57:57 [0] INFO root TICK BEGINS: 38
13.01.2016 19:57:57 [0] INFO root TICK ENDS: 38
13.01.2016 19:57:57 [0] INFO root TICK BEGINS: 39
13.01.2016 19:57:57 [0] INFO root TICK ENDS: 39
13.01.2016 19:57:57 [0] INFO root TICK BEGINS: 40
13.01.2016 19:57:57 [0] INFO root TICK ENDS: 40
13.01.2016 19:57:57 [0] INFO root TICK BEGINS: 41
13.01.2016 19:57:57 [0] INFO root TICK ENDS: 41
13.01.2016 19:57:57 [0] INFO root TICK BEGINS: 42
13.01.2016 19:57:57 [0] INFO root TICK ENDS: 42
13.01.2016 19:57:57 [0] INFO root TICK BEGINS: 43
13.01.2016 19:57:57 [0] INFO root TICK ENDS: 43
13.01.2016 19:57:57 [0] INFO root TICK BEGINS: 44
13.01.2016 19:57:57 [0] INFO root TICK ENDS: 44
13.01.2016 19:57:57 [0] INFO root TICK BEGINS: 45
13.01.2016 19:57:57 [0] INFO root TICK ENDS: 45
13.01.2016 19:57:57 [0] INFO root TICK BEGINS: 46
13.01.2016 19:57:57 [0] INFO root TICK ENDS: 46
13.01.2016 19:57:57 [0] INFO root TICK BEGINS: 47
13.01.2016 19:57:57 [0] INFO root TICK ENDS: 47
13.01.2016 19:57:57 [0] INFO root TICK BEGINS: 48
13.01.2016 19:57:57 [0] INFO root TICK ENDS: 48
13.01.2016 19:57:57 [0] INFO root TICK BEGINS: 49
13.01.2016 19:57:57 [0] INFO root TICK ENDS: 49
13.01.2016 19:57:57 [0] INFO root TICK BEGINS: 50
13.01.2016 19:57:57 [0] INFO root TICK ENDS: 50
13.01.2016 19:57:57 [0] INFO root TICK BEGINS: 51
13.01.2016 19:57:57 [0] INFO root TICK ENDS: 51
13.01.2016 19:57:57 [0] INFO root TICK BEGINS: 52
13.01.2016 19:57:57 [0] INFO root TICK ENDS: 52
13.01.2016 19:57:57 [0] INFO root TICK BEGINS: 53
13.01.2016 19:57:57 [0] INFO root TICK ENDS: 53
13.01.2016 19:57:57 [0] INFO root TICK BEGINS: 54
13.01.2016 19:57:57 [0] INFO root TICK ENDS: 54
13.01.2016 19:57:57 [0] INFO root TICK BEGINS: 55
13.01.2016 19:57:57 [0] INFO root TICK ENDS: 55
13.01.2016 19:57:57 [0] INFO root TICK BEGINS: 56
13.01.2016 19:57:57 [0] INFO root TICK ENDS: 56
13.01.2016 19:57:57 [0] INFO root TICK BEGINS: 57
13.01.2016 19:57:58 [0] INFO root TICK ENDS: 57
13.01.2016 19:57:58 [0] INFO root TICK BEGINS: 58
13.01.2016 19:57:58 [0] INFO root TICK ENDS: 58
13.01.2016 19:57:58 [0] INFO root TICK BEGINS: 59
13.01.2016 19:57:58 [0] INFO root TICK ENDS: 59
13.01.2016 19:57:58 [0] INFO root TICK BEGINS: 60
13.01.2016 19:57:58 [0] INFO root TICK ENDS: 60
13.01.2016 19:57:58 [0] INFO root TICK BEGINS: 61
13.01.2016 19:57:58 [0] INFO root TICK ENDS: 61
13.01.2016 19:57:58 [0] INFO root TICK BEGINS: 62
13.01.2016 19:57:58 [0] INFO root TICK ENDS: 62
13.01.2016 19:57:58 [0] INFO root TICK BEGINS: 63
13.01.2016 19:57:58 [0] INFO root TICK ENDS: 63
13.01.2016 19:57:58 [0] INFO root TICK BEGINS: 64
13.01.2016 19:57:58 [0] INFO root TICK ENDS: 64
13.01.2016 19:57:58 [0] INFO root TICK BEGINS: 65
13.01.2016 19:57:58 [0] INFO root TICK ENDS: 65
13.01.2016 19:57:58 [0] INFO root TICK BEGINS: 66
13.01.2016 19:57:58 [0] INFO root TICK ENDS: 66
13.01.2016 19:57:58 [0] INFO root TICK BEGINS: 67
13.01.2016 19:57:58 [0] INFO root TICK ENDS: 67
13.01.2016 19:57:58 [0] INFO root TICK BEGINS: 68
13.01.2016 19:57:58 [0] INFO root TICK ENDS: 68
13.01.2016 19:57:58 [0] INFO root TICK BEGINS: 69
13.01.2016 19:57:58 [0] INFO root TICK ENDS: 69
13.01.2016 19:57:58 [0] INFO root TICK BEGINS: 70
13.01.2016 19:57:58 [0] INFO root TICK ENDS: 70
13.01.2016 19:57:58 [0] INFO root TICK BEGINS: 71
13.01.2016 19:57:58 [0] INFO root TICK ENDS: 71
13.01.2016 19:57:58 [0] INFO root TICK BEGINS: 72
13.01.2016 19:57:58 [0] INFO root TICK ENDS: 72
13.01.2016 19:57:58 [0] INFO root TICK BEGINS: 73
13.01.2016 19:57:58 [0] INFO root TICK ENDS: 73
13.01.2016 19:57:58 [0] INFO root TICK BEGINS: 74
13.01.2016 19:57:58 [0] INFO root TICK ENDS: 74
13.01.2016 19:57:58 [0] INFO root TICK BEGINS: 75
13.01.2016 19:57:59 [0] INFO root TICK ENDS: 75
13.01.2016 19:57:59 [0] INFO root TICK BEGINS: 76
13.01.2016 19:57:59 [0] INFO root TICK ENDS: 76
13.01.2016 19:57:59 [0] INFO root TICK BEGINS: 77
13.01.2016 19:57:59 [0] INFO root TICK ENDS: 77
13.01.2016 19:57:59 [0] INFO root TICK BEGINS: 78
13.01.2016 19:57:59 [0] INFO root TICK ENDS: 78
13.01.2016 19:57:59 [0] INFO root TICK BEGINS: 79
13.01.2016 19:57:59 [0] INFO root TICK ENDS: 79
13.01.2016 19:57:59 [0] INFO root TICK BEGINS: 80
13.01.2016 19:57:59 [0] INFO root TICK ENDS: 80
13.01.2016 19:57:59 [0] INFO root TICK BEGINS: 81
13.01.2016 19:57:59 [0] INFO root TICK ENDS: 81
13.01.2016 19:57:59 [0] INFO root TICK BEGINS: 82
13.01.2016 19:57:59 [0] INFO root TICK ENDS: 82
13.01.2016 19:57:59 [0] INFO root TICK BEGINS: 83
13.01.2016 19:57:59 [0] INFO root TICK ENDS: 83
13.01.2016 19:57:59 [0] INFO root TICK BEGINS: 84
13.01.2016 19:57:59 [0] INFO root TICK ENDS: 84
13.01.2016 19:57:59 [0] INFO root TICK BEGINS: 85
13.01.2016 19:57:59 [0] INFO root TICK ENDS: 85
13.01.2016 19:57:59 [0] INFO root TICK BEGINS: 86
13.01.2016 19:57:59 [0] INFO root TICK ENDS: 86
13.01.2016 19:57:59 [0] INFO root TICK BEGINS: 87
13.01.2016 19:57:59 [0] INFO root TICK ENDS: 87
13.01.2016 19:57:59 [0] INFO root TICK BEGINS: 88
13.01.2016 19:57:59 [0] INFO root TICK ENDS: 88
13.01.2016 19:57:59 [0] INFO root TICK BEGINS: 89
13.01.2016 19:57:59 [0] INFO root TICK ENDS: 89
13.01.2016 19:57:59 [0] INFO root TICK BEGINS: 90
13.01.2016 19:57:59 [0] INFO root TICK ENDS: 90
13.01.2016 19:57:59 [0] INFO root TICK BEGINS: 91
13.01.2016 19:57:59 [0] INFO root TICK ENDS: 91
13.01.2016 19:57:59 [0] INFO root TICK BEGINS: 92
13.01.2016 19:57:59 [0] INFO root TICK ENDS: 92
13.01.2016 19:58:00 [0] INFO root TICK BEGINS: 93
13.01.2016 19:58:00 [0] INFO root TICK ENDS: 93
13.01.2016 19:58:00 [0] INFO root TICK BEGINS: 94
13.01.2016 19:58:00 [0] INFO root TICK ENDS: 94
13.01.2016 19:58:00 [0] INFO root TICK BEGINS: 95
13.01.2016 19:58:00 [0] INFO root TICK ENDS: 95
13.01.2016 19:58:00 [0] INFO root TICK BEGINS: 96
13.01.2016 19:58:00 [0] INFO root TICK ENDS: 96
13.01.2016 19:58:00 [0] INFO root TICK BEGINS: 97
13.01.2016 19:58:00 [0] INFO root TICK ENDS: 97
13.01.2016 19:58:00 [0] INFO root TICK BEGINS: 98
13.01.2016 19:58:00 [0] INFO root TICK ENDS: 98
13.01.2016 19:58:00 [0] INFO root TICK BEGINS: 99
13.01.2016 19:58:00 [0] INFO root TICK ENDS: 99
13.01.2016 19:58:00 [0] INFO root TICK BEGINS: 100
13.01.2016 19:58:00 [0] INFO root TICK ENDS: 100
13.01.2016 19:58:00 [0] INFO root date_time.run = 13.01.2016 19:57:55
13.01.2016 19:58:00 [0] INFO root distribution.zombie_move = int_uniform, 0, 2
13.01.2016 19:58:00 [0] INFO root grid.buffer = 2
13.01.2016 19:58:00 [0] INFO root human.count = 6400;
13.01.2016 19:58:00 [0] INFO root init.time = 0.03
13.01.2016 19:58:00 [0] INFO root max.x = 99
13.01.2016 19:58:00 [0] INFO root max.y = 99
13.01.2016 19:58:00 [0] INFO root min.x = -100
13.01.2016 19:58:00 [0] INFO root min.y = -100
13.01.2016 19:58:00 [0] INFO root proc.per.x = 5
13.01.2016 19:58:00 [0] INFO root proc.per.y = 5
13.01.2016 19:58:00 [0] INFO root process.count = 25.000000
13.01.2016 19:58:00 [0] INFO root random.seed = 1452711475
13.01.2016 19:58:00 [0] INFO root run.time = 4.650000
13.01.2016 19:58:00 [0] INFO root stop.at = 100
13.01.2016 19:58:00 [0] INFO root zombie.count = 64;
 Starting... 
13.01.2016 19:58:04 [0] INFO root TICK BEGINS: 1
13.01.2016 19:58:04 [0] INFO root TICK ENDS: 1
13.01.2016 19:58:04 [0] INFO root TICK BEGINS: 2
13.01.2016 19:58:04 [0] INFO root TICK ENDS: 2
13.01.2016 19:58:04 [0] INFO root TICK BEGINS: 3
13.01.2016 19:58:04 [0] INFO root TICK ENDS: 3
13.01.2016 19:58:04 [0] INFO root TICK BEGINS: 4
13.01.2016 19:58:04 [0] INFO root TICK ENDS: 4
13.01.2016 19:58:04 [0] INFO root TICK BEGINS: 5
13.01.2016 19:58:04 [0] INFO root TICK ENDS: 5
13.01.2016 19:58:04 [0] INFO root TICK BEGINS: 6
13.01.2016 19:58:04 [0] INFO root TICK ENDS: 6
13.01.2016 19:58:04 [0] INFO root TICK BEGINS: 7
13.01.2016 19:58:04 [0] INFO root TICK ENDS: 7
13.01.2016 19:58:04 [0] INFO root TICK BEGINS: 8
13.01.2016 19:58:04 [0] INFO root TICK ENDS: 8
13.01.2016 19:58:04 [0] INFO root TICK BEGINS: 9
13.01.2016 19:58:04 [0] INFO root TICK ENDS: 9
13.01.2016 19:58:04 [0] INFO root TICK BEGINS: 10
13.01.2016 19:58:04 [0] INFO root TICK ENDS: 10
13.01.2016 19:58:05 [0] INFO root TICK BEGINS: 11
13.01.2016 19:58:05 [0] INFO root TICK ENDS: 11
13.01.2016 19:58:05 [0] INFO root TICK BEGINS: 12
13.01.2016 19:58:05 [0] INFO root TICK ENDS: 12
13.01.2016 19:58:05 [0] INFO root TICK BEGINS: 13
13.01.2016 19:58:05 [0] INFO root TICK ENDS: 13
13.01.2016 19:58:05 [0] INFO root TICK BEGINS: 14
13.01.2016 19:58:05 [0] INFO root TICK ENDS: 14
13.01.2016 19:58:05 [0] INFO root TICK BEGINS: 15
13.01.2016 19:58:05 [0] INFO root TICK ENDS: 15
13.01.2016 19:58:05 [0] INFO root TICK BEGINS: 16
13.01.2016 19:58:05 [0] INFO root TICK ENDS: 16
13.01.2016 19:58:05 [0] INFO root TICK BEGINS: 17
13.01.2016 19:58:05 [0] INFO root TICK ENDS: 17
13.01.2016 19:58:05 [0] INFO root TICK BEGINS: 18
13.01.2016 19:58:05 [0] INFO root TICK ENDS: 18
13.01.2016 19:58:05 [0] INFO root TICK BEGINS: 19
13.01.2016 19:58:05 [0] INFO root TICK ENDS: 19
13.01.2016 19:58:05 [0] INFO root TICK BEGINS: 20
13.01.2016 19:58:05 [0] INFO root TICK ENDS: 20
13.01.2016 19:58:05 [0] INFO root TICK BEGINS: 21
13.01.2016 19:58:05 [0] INFO root TICK ENDS: 21
13.01.2016 19:58:05 [0] INFO root TICK BEGINS: 22
13.01.2016 19:58:05 [0] INFO root TICK ENDS: 22
13.01.2016 19:58:05 [0] INFO root TICK BEGINS: 23
13.01.2016 19:58:05 [0] INFO root TICK ENDS: 23
13.01.2016 19:58:05 [0] INFO root TICK BEGINS: 24
13.01.2016 19:58:05 [0] INFO root TICK ENDS: 24
13.01.2016 19:58:05 [0] INFO root TICK BEGINS: 25
13.01.2016 19:58:05 [0] INFO root TICK ENDS: 25
13.01.2016 19:58:05 [0] INFO root TICK BEGINS: 26
13.01.2016 19:58:05 [0] INFO root TICK ENDS: 26
13.01.2016 19:58:05 [0] INFO root TICK BEGINS: 27
13.01.2016 19:58:06 [0] INFO root TICK ENDS: 27
13.01.2016 19:58:06 [0] INFO root TICK BEGINS: 28
13.01.2016 19:58:06 [0] INFO root TICK ENDS: 28
13.01.2016 19:58:06 [0] INFO root TICK BEGINS: 29
13.01.2016 19:58:06 [0] INFO root TICK ENDS: 29
13.01.2016 19:58:06 [0] INFO root TICK BEGINS: 30
13.01.2016 19:58:06 [0] INFO root TICK ENDS: 30
13.01.2016 19:58:06 [0] INFO root TICK BEGINS: 31
13.01.2016 19:58:06 [0] INFO root TICK ENDS: 31
13.01.2016 19:58:06 [0] INFO root TICK BEGINS: 32
13.01.2016 19:58:06 [0] INFO root TICK ENDS: 32
13.01.2016 19:58:06 [0] INFO root TICK BEGINS: 33
13.01.2016 19:58:06 [0] INFO root TICK ENDS: 33
13.01.2016 19:58:06 [0] INFO root TICK BEGINS: 34
13.01.2016 19:58:06 [0] INFO root TICK ENDS: 34
13.01.2016 19:58:06 [0] INFO root TICK BEGINS: 35
13.01.2016 19:58:06 [0] INFO root TICK ENDS: 35
13.01.2016 19:58:06 [0] INFO root TICK BEGINS: 36
13.01.2016 19:58:06 [0] INFO root TICK ENDS: 36
13.01.2016 19:58:06 [0] INFO root TICK BEGINS: 37
13.01.2016 19:58:06 [0] INFO root TICK ENDS: 37
13.01.2016 19:58:06 [0] INFO root TICK BEGINS: 38
13.01.2016 19:58:06 [0] INFO root TICK ENDS: 38
13.01.2016 19:58:06 [0] INFO root TICK BEGINS: 39
13.01.2016 19:58:06 [0] INFO root TICK ENDS: 39
13.01.2016 19:58:06 [0] INFO root TICK BEGINS: 40
13.01.2016 19:58:06 [0] INFO root TICK ENDS: 40
13.01.2016 19:58:06 [0] INFO root TICK BEGINS: 41
13.01.2016 19:58:06 [0] INFO root TICK ENDS: 41
13.01.2016 19:58:06 [0] INFO root TICK BEGINS: 42
13.01.2016 19:58:06 [0] INFO root TICK ENDS: 42
13.01.2016 19:58:06 [0] INFO root TICK BEGINS: 43
13.01.2016 19:58:06 [0] INFO root TICK ENDS: 43
13.01.2016 19:58:06 [0] INFO root TICK BEGINS: 44
13.01.2016 19:58:06 [0] INFO root TICK ENDS: 44
13.01.2016 19:58:06 [0] INFO root TICK BEGINS: 45
13.01.2016 19:58:06 [0] INFO root TICK ENDS: 45
13.01.2016 19:58:06 [0] INFO root TICK BEGINS: 46
13.01.2016 19:58:06 [0] INFO root TICK ENDS: 46
13.01.2016 19:58:06 [0] INFO root TICK BEGINS: 47
13.01.2016 19:58:06 [0] INFO root TICK ENDS: 47
13.01.2016 19:58:06 [0] INFO root TICK BEGINS: 48
13.01.2016 19:58:06 [0] INFO root TICK ENDS: 48
13.01.2016 19:58:06 [0] INFO root TICK BEGINS: 49
13.01.2016 19:58:06 [0] INFO root TICK ENDS: 49
13.01.2016 19:58:06 [0] INFO root TICK BEGINS: 50
13.01.2016 19:58:06 [0] INFO root TICK ENDS: 50
13.01.2016 19:58:06 [0] INFO root TICK BEGINS: 51
13.01.2016 19:58:06 [0] INFO root TICK ENDS: 51
13.01.2016 19:58:06 [0] INFO root TICK BEGINS: 52
13.01.2016 19:58:06 [0] INFO root TICK ENDS: 52
13.01.2016 19:58:06 [0] INFO root TICK BEGINS: 53
13.01.2016 19:58:06 [0] INFO root TICK ENDS: 53
13.01.2016 19:58:06 [0] INFO root TICK BEGINS: 54
13.01.2016 19:58:06 [0] INFO root TICK ENDS: 54
13.01.2016 19:58:06 [0] INFO root TICK BEGINS: 55
13.01.2016 19:58:06 [0] INFO root TICK ENDS: 55
13.01.2016 19:58:06 [0] INFO root TICK BEGINS: 56
13.01.2016 19:58:07 [0] INFO root TICK ENDS: 56
13.01.2016 19:58:07 [0] INFO root TICK BEGINS: 57
13.01.2016 19:58:07 [0] INFO root TICK ENDS: 57
13.01.2016 19:58:07 [0] INFO root TICK BEGINS: 58
13.01.2016 19:58:07 [0] INFO root TICK ENDS: 58
13.01.2016 19:58:07 [0] INFO root TICK BEGINS: 59
13.01.2016 19:58:07 [0] INFO root TICK ENDS: 59
13.01.2016 19:58:07 [0] INFO root TICK BEGINS: 60
13.01.2016 19:58:07 [0] INFO root TICK ENDS: 60
13.01.2016 19:58:07 [0] INFO root TICK BEGINS: 61
13.01.2016 19:58:07 [0] INFO root TICK ENDS: 61
13.01.2016 19:58:07 [0] INFO root TICK BEGINS: 62
13.01.2016 19:58:07 [0] INFO root TICK ENDS: 62
13.01.2016 19:58:07 [0] INFO root TICK BEGINS: 63
13.01.2016 19:58:07 [0] INFO root TICK ENDS: 63
13.01.2016 19:58:07 [0] INFO root TICK BEGINS: 64
13.01.2016 19:58:07 [0] INFO root TICK ENDS: 64
13.01.2016 19:58:07 [0] INFO root TICK BEGINS: 65
13.01.2016 19:58:07 [0] INFO root TICK ENDS: 65
13.01.2016 19:58:07 [0] INFO root TICK BEGINS: 66
13.01.2016 19:58:07 [0] INFO root TICK ENDS: 66
13.01.2016 19:58:07 [0] INFO root TICK BEGINS: 67
13.01.2016 19:58:07 [0] INFO root TICK ENDS: 67
13.01.2016 19:58:07 [0] INFO root TICK BEGINS: 68
13.01.2016 19:58:07 [0] INFO root TICK ENDS: 68
13.01.2016 19:58:07 [0] INFO root TICK BEGINS: 69
13.01.2016 19:58:07 [0] INFO root TICK ENDS: 69
13.01.2016 19:58:07 [0] INFO root TICK BEGINS: 70
13.01.2016 19:58:07 [0] INFO root TICK ENDS: 70
13.01.2016 19:58:07 [0] INFO root TICK BEGINS: 71
13.01.2016 19:58:07 [0] INFO root TICK ENDS: 71
13.01.2016 19:58:07 [0] INFO root TICK BEGINS: 72
13.01.2016 19:58:07 [0] INFO root TICK ENDS: 72
13.01.2016 19:58:07 [0] INFO root TICK BEGINS: 73
13.01.2016 19:58:07 [0] INFO root TICK ENDS: 73
13.01.2016 19:58:07 [0] INFO root TICK BEGINS: 74
13.01.2016 19:58:07 [0] INFO root TICK ENDS: 74
13.01.2016 19:58:07 [0] INFO root TICK BEGINS: 75
13.01.2016 19:58:07 [0] INFO root TICK ENDS: 75
13.01.2016 19:58:07 [0] INFO root TICK BEGINS: 76
13.01.2016 19:58:07 [0] INFO root TICK ENDS: 76
13.01.2016 19:58:07 [0] INFO root TICK BEGINS: 77
13.01.2016 19:58:07 [0] INFO root TICK ENDS: 77
13.01.2016 19:58:07 [0] INFO root TICK BEGINS: 78
13.01.2016 19:58:07 [0] INFO root TICK ENDS: 78
13.01.2016 19:58:07 [0] INFO root TICK BEGINS: 79
13.01.2016 19:58:07 [0] INFO root TICK ENDS: 79
13.01.2016 19:58:07 [0] INFO root TICK BEGINS: 80
13.01.2016 19:58:08 [0] INFO root TICK ENDS: 80
13.01.2016 19:58:08 [0] INFO root TICK BEGINS: 81
13.01.2016 19:58:08 [0] INFO root TICK ENDS: 81
13.01.2016 19:58:08 [0] INFO root TICK BEGINS: 82
13.01.2016 19:58:08 [0] INFO root TICK ENDS: 82
13.01.2016 19:58:08 [0] INFO root TICK BEGINS: 83
13.01.2016 19:58:08 [0] INFO root TICK ENDS: 83
13.01.2016 19:58:08 [0] INFO root TICK BEGINS: 84
13.01.2016 19:58:08 [0] INFO root TICK ENDS: 84
13.01.2016 19:58:08 [0] INFO root TICK BEGINS: 85
13.01.2016 19:58:08 [0] INFO root TICK ENDS: 85
13.01.2016 19:58:08 [0] INFO root TICK BEGINS: 86
13.01.2016 19:58:08 [0] INFO root TICK ENDS: 86
13.01.2016 19:58:08 [0] INFO root TICK BEGINS: 87
13.01.2016 19:58:08 [0] INFO root TICK ENDS: 87
13.01.2016 19:58:08 [0] INFO root TICK BEGINS: 88
13.01.2016 19:58:08 [0] INFO root TICK ENDS: 88
13.01.2016 19:58:08 [0] INFO root TICK BEGINS: 89
13.01.2016 19:58:08 [0] INFO root TICK ENDS: 89
13.01.2016 19:58:08 [0] INFO root TICK BEGINS: 90
13.01.2016 19:58:08 [0] INFO root TICK ENDS: 90
13.01.2016 19:58:08 [0] INFO root TICK BEGINS: 91
13.01.2016 19:58:08 [0] INFO root TICK ENDS: 91
13.01.2016 19:58:08 [0] INFO root TICK BEGINS: 92
13.01.2016 19:58:08 [0] INFO root TICK ENDS: 92
13.01.2016 19:58:08 [0] INFO root TICK BEGINS: 93
13.01.2016 19:58:08 [0] INFO root TICK ENDS: 93
13.01.2016 19:58:08 [0] INFO root TICK BEGINS: 94
13.01.2016 19:58:08 [0] INFO root TICK ENDS: 94
13.01.2016 19:58:08 [0] INFO root TICK BEGINS: 95
13.01.2016 19:58:08 [0] INFO root TICK ENDS: 95
13.01.2016 19:58:09 [0] INFO root TICK BEGINS: 96
13.01.2016 19:58:09 [0] INFO root TICK ENDS: 96
13.01.2016 19:58:09 [0] INFO root TICK BEGINS: 97
13.01.2016 19:58:09 [0] INFO root TICK ENDS: 97
13.01.2016 19:58:09 [0] INFO root TICK BEGINS: 98
13.01.2016 19:58:09 [0] INFO root TICK ENDS: 98
13.01.2016 19:58:09 [0] INFO root TICK BEGINS: 99
13.01.2016 19:58:09 [0] INFO root TICK ENDS: 99
13.01.2016 19:58:09 [0] INFO root TICK BEGINS: 100
13.01.2016 19:58:09 [0] INFO root TICK ENDS: 100
13.01.2016 19:58:09 [0] INFO root date_time.run = 13.01.2016 19:58:04
13.01.2016 19:58:09 [0] INFO root distribution.zombie_move = int_uniform, 0, 2
13.01.2016 19:58:09 [0] INFO root grid.buffer = 2
13.01.2016 19:58:09 [0] INFO root human.count = 5000;
13.01.2016 19:58:09 [0] INFO root init.time = 0.03
13.01.2016 19:58:09 [0] INFO root max.x = 99
13.01.2016 19:58:09 [0] INFO root max.y = 99
13.01.2016 19:58:09 [0] INFO root min.x = -100
13.01.2016 19:58:09 [0] INFO root min.y = -100
13.01.2016 19:58:09 [0] INFO root proc.per.x = 4
13.01.2016 19:58:09 [0] INFO root proc.per.y = 8
13.01.2016 19:58:09 [0] INFO root process.count = 32.000000
13.01.2016 19:58:09 [0] INFO root random.seed = 1452711484
13.01.2016 19:58:09 [0] INFO root run.time = 3.680000
13.01.2016 19:58:09 [0] INFO root stop.at = 100
13.01.2016 19:58:09 [0] INFO root zombie.count = 50;
