13.01.2016 04:04:03 [0] INFO root TICK BEGINS: 1
13.01.2016 04:04:03 [0] INFO root TICK ENDS: 1
13.01.2016 04:04:03 [0] INFO root TICK BEGINS: 2
13.01.2016 04:04:03 [0] INFO root TICK ENDS: 2
13.01.2016 04:04:03 [0] INFO root TICK BEGINS: 3
13.01.2016 04:04:03 [0] INFO root TICK ENDS: 3
13.01.2016 04:04:03 [0] INFO root TICK BEGINS: 4
13.01.2016 04:04:03 [0] INFO root TICK ENDS: 4
13.01.2016 04:04:03 [0] INFO root TICK BEGINS: 5
13.01.2016 04:04:03 [0] INFO root TICK ENDS: 5
13.01.2016 04:04:03 [0] INFO root TICK BEGINS: 6
13.01.2016 04:04:04 [0] INFO root TICK ENDS: 6
13.01.2016 04:04:04 [0] INFO root TICK BEGINS: 7
13.01.2016 04:04:04 [0] INFO root TICK ENDS: 7
13.01.2016 04:04:04 [0] INFO root TICK BEGINS: 8
13.01.2016 04:04:04 [0] INFO root TICK ENDS: 8
13.01.2016 04:04:04 [0] INFO root TICK BEGINS: 9
13.01.2016 04:04:04 [0] INFO root TICK ENDS: 9
13.01.2016 04:04:04 [0] INFO root TICK BEGINS: 10
13.01.2016 04:04:04 [0] INFO root TICK ENDS: 10
13.01.2016 04:04:04 [0] INFO root date_time.run = 13.01.2016 04:04:03
13.01.2016 04:04:04 [0] INFO root distribution.zombie_move = int_uniform, 0, 2
13.01.2016 04:04:04 [0] INFO root grid.buffer = 2
13.01.2016 04:04:04 [0] INFO root human.count = 500;
13.01.2016 04:04:04 [0] INFO root init.time = 0
13.01.2016 04:04:04 [0] INFO root max.x = 99
13.01.2016 04:04:04 [0] INFO root max.y = 99
13.01.2016 04:04:04 [0] INFO root min.x = -100
13.01.2016 04:04:04 [0] INFO root min.y = -100
13.01.2016 04:04:04 [0] INFO root proc.per.x = 2
13.01.2016 04:04:04 [0] INFO root proc.per.y = 2
13.01.2016 04:04:04 [0] INFO root process.count = 4.000000
13.01.2016 04:04:04 [0] INFO root random.seed = 1452654243
13.01.2016 04:04:04 [0] INFO root run.time = 0.370000
13.01.2016 04:04:04 [0] INFO root stop.at = 10
13.01.2016 04:04:04 [0] INFO root zombie.count = 5;
13.01.2016 04:22:20 [0] INFO root TICK BEGINS: 1
13.01.2016 04:22:20 [0] INFO root TICK ENDS: 1
13.01.2016 04:22:20 [0] INFO root TICK BEGINS: 2
13.01.2016 04:22:20 [0] INFO root TICK ENDS: 2
13.01.2016 04:22:20 [0] INFO root TICK BEGINS: 3
13.01.2016 04:22:20 [0] INFO root TICK ENDS: 3
13.01.2016 04:22:20 [0] INFO root TICK BEGINS: 4
13.01.2016 04:22:20 [0] INFO root TICK ENDS: 4
13.01.2016 04:22:20 [0] INFO root TICK BEGINS: 5
13.01.2016 04:22:20 [0] INFO root TICK ENDS: 5
13.01.2016 04:22:20 [0] INFO root TICK BEGINS: 6
13.01.2016 04:22:20 [0] INFO root TICK ENDS: 6
13.01.2016 04:22:20 [0] INFO root TICK BEGINS: 7
13.01.2016 04:22:20 [0] INFO root TICK ENDS: 7
13.01.2016 04:22:20 [0] INFO root TICK BEGINS: 8
13.01.2016 04:22:20 [0] INFO root TICK ENDS: 8
13.01.2016 04:22:20 [0] INFO root TICK BEGINS: 9
13.01.2016 04:22:20 [0] INFO root TICK ENDS: 9
13.01.2016 04:22:20 [0] INFO root TICK BEGINS: 10
13.01.2016 04:22:20 [0] INFO root TICK ENDS: 10
13.01.2016 04:22:20 [0] INFO root date_time.run = 13.01.2016 04:22:20
13.01.2016 04:22:20 [0] INFO root distribution.zombie_move = int_uniform, 0, 2
13.01.2016 04:22:20 [0] INFO root grid.buffer = 2
13.01.2016 04:22:20 [0] INFO root human.count = 500;
13.01.2016 04:22:20 [0] INFO root init.time = 0.01
13.01.2016 04:22:20 [0] INFO root max.x = 99
13.01.2016 04:22:20 [0] INFO root max.y = 99
13.01.2016 04:22:20 [0] INFO root min.x = -100
13.01.2016 04:22:20 [0] INFO root min.y = -100
13.01.2016 04:22:20 [0] INFO root proc.per.x = 2
13.01.2016 04:22:20 [0] INFO root proc.per.y = 2
13.01.2016 04:22:20 [0] INFO root process.count = 4.000000
13.01.2016 04:22:20 [0] INFO root random.seed = 1452655340
13.01.2016 04:22:20 [0] INFO root run.time = 0.300000
13.01.2016 04:22:20 [0] INFO root stop.at = 10
13.01.2016 04:22:20 [0] INFO root zombie.count = 5;
13.01.2016 13:52:38 [0] INFO root TICK BEGINS: 1
13.01.2016 13:52:38 [0] INFO root TICK ENDS: 1
13.01.2016 13:52:38 [0] INFO root TICK BEGINS: 2
13.01.2016 13:52:38 [0] INFO root TICK ENDS: 2
13.01.2016 13:52:38 [0] INFO root TICK BEGINS: 3
13.01.2016 13:52:38 [0] INFO root TICK ENDS: 3
13.01.2016 13:52:38 [0] INFO root TICK BEGINS: 4
13.01.2016 13:52:38 [0] INFO root TICK ENDS: 4
13.01.2016 13:52:38 [0] INFO root TICK BEGINS: 5
13.01.2016 13:52:38 [0] INFO root TICK ENDS: 5
13.01.2016 13:52:38 [0] INFO root TICK BEGINS: 6
13.01.2016 13:52:38 [0] INFO root TICK ENDS: 6
13.01.2016 13:52:38 [0] INFO root TICK BEGINS: 7
13.01.2016 13:52:38 [0] INFO root TICK ENDS: 7
13.01.2016 13:52:38 [0] INFO root TICK BEGINS: 8
13.01.2016 13:52:38 [0] INFO root TICK ENDS: 8
13.01.2016 13:52:38 [0] INFO root TICK BEGINS: 9
13.01.2016 13:52:38 [0] INFO root TICK ENDS: 9
13.01.2016 13:52:38 [0] INFO root TICK BEGINS: 10
13.01.2016 13:52:38 [0] INFO root TICK ENDS: 10
13.01.2016 13:52:38 [0] INFO root date_time.run = 13.01.2016 13:52:38
13.01.2016 13:52:38 [0] INFO root distribution.zombie_move = int_uniform, 0, 2
13.01.2016 13:52:38 [0] INFO root grid.buffer = 2
13.01.2016 13:52:38 [0] INFO root human.count = 500;
13.01.2016 13:52:38 [0] INFO root init.time = 0.01
13.01.2016 13:52:38 [0] INFO root max.x = 99
13.01.2016 13:52:38 [0] INFO root max.y = 99
13.01.2016 13:52:38 [0] INFO root min.x = -100
13.01.2016 13:52:38 [0] INFO root min.y = -100
13.01.2016 13:52:38 [0] INFO root proc.per.x = 2
13.01.2016 13:52:38 [0] INFO root proc.per.y = 2
13.01.2016 13:52:38 [0] INFO root process.count = 4.000000
13.01.2016 13:52:38 [0] INFO root random.seed = 1452689558
13.01.2016 13:52:38 [0] INFO root run.time = 0.300000
13.01.2016 13:52:38 [0] INFO root stop.at = 10
13.01.2016 13:52:38 [0] INFO root zombie.count = 5;
13.01.2016 13:52:41 [0] INFO root TICK BEGINS: 1
13.01.2016 13:52:41 [0] INFO root TICK ENDS: 1
13.01.2016 13:52:41 [0] INFO root TICK BEGINS: 2
13.01.2016 13:52:41 [0] INFO root TICK ENDS: 2
13.01.2016 13:52:41 [0] INFO root TICK BEGINS: 3
13.01.2016 13:52:41 [0] INFO root TICK ENDS: 3
13.01.2016 13:52:41 [0] INFO root TICK BEGINS: 4
13.01.2016 13:52:41 [0] INFO root TICK ENDS: 4
13.01.2016 13:52:41 [0] INFO root TICK BEGINS: 5
13.01.2016 13:52:41 [0] INFO root TICK ENDS: 5
13.01.2016 13:52:41 [0] INFO root TICK BEGINS: 6
13.01.2016 13:52:41 [0] INFO root TICK ENDS: 6
13.01.2016 13:52:41 [0] INFO root TICK BEGINS: 7
13.01.2016 13:52:41 [0] INFO root TICK ENDS: 7
13.01.2016 13:52:41 [0] INFO root TICK BEGINS: 8
13.01.2016 13:52:41 [0] INFO root TICK ENDS: 8
13.01.2016 13:52:41 [0] INFO root TICK BEGINS: 9
13.01.2016 13:52:41 [0] INFO root TICK ENDS: 9
13.01.2016 13:52:41 [0] INFO root TICK BEGINS: 10
13.01.2016 13:52:41 [0] INFO root TICK ENDS: 10
13.01.2016 13:52:41 [0] INFO root date_time.run = 13.01.2016 13:52:41
13.01.2016 13:52:41 [0] INFO root distribution.zombie_move = int_uniform, 0, 2
13.01.2016 13:52:41 [0] INFO root grid.buffer = 2
13.01.2016 13:52:41 [0] INFO root human.count = 500;
13.01.2016 13:52:41 [0] INFO root init.time = 0.01
13.01.2016 13:52:41 [0] INFO root max.x = 99
13.01.2016 13:52:41 [0] INFO root max.y = 99
13.01.2016 13:52:41 [0] INFO root min.x = -100
13.01.2016 13:52:41 [0] INFO root min.y = -100
13.01.2016 13:52:41 [0] INFO root proc.per.x = 2
13.01.2016 13:52:41 [0] INFO root proc.per.y = 2
13.01.2016 13:52:41 [0] INFO root process.count = 4.000000
13.01.2016 13:52:41 [0] INFO root random.seed = 1452689561
13.01.2016 13:52:41 [0] INFO root run.time = 0.240000
13.01.2016 13:52:41 [0] INFO root stop.at = 10
13.01.2016 13:52:41 [0] INFO root zombie.count = 5;
